<?xml version="1.0" encoding="UTF-8"?>
<!-- Generated by org.testng.reporters.JUnitReportReporter -->
<testsuite hostname="DESKTOP-Q4RLJUB" failures="0" tests="2" name="com.OrangeV1.testcases.TC_001_Login" time="18.602" errors="0" timestamp="2023-10-10T13:02:17 IST" skipped="0">
  <testcase classname="com.OrangeV1.testcases.TC_001_Login" name="loginFucntionality" time="5.028"/>
  <system-out/>
  <testcase classname="com.OrangeV1.testcases.TC_001_Login" name="userCreation" time="13.574"/>
  <system-out/>
</testsuite> <!-- com.OrangeV1.testcases.TC_001_Login -->
